[2019-09-09 01:47:18,700] SEVERE {b7a.log.crash} - null 
java.lang.NullPointerException
	at org.wso2.ballerinalang.compiler.semantics.analyzer.CodeAnalyzer.validateBinaryExpr(CodeAnalyzer.java:1989)
	at org.wso2.ballerinalang.compiler.semantics.analyzer.CodeAnalyzer.visit(CodeAnalyzer.java:1977)
	at org.wso2.ballerinalang.compiler.tree.expressions.BLangBinaryExpr.accept(BLangBinaryExpr.java:60)
	at org.wso2.ballerinalang.compiler.semantics.analyzer.CodeAnalyzer.analyzeExpr(CodeAnalyzer.java:2325)
	at org.wso2.ballerinalang.compiler.semantics.analyzer.CodeAnalyzer.analyzeExprs(CodeAnalyzer.java:2369)
	at org.wso2.ballerinalang.compiler.semantics.analyzer.CodeAnalyzer.visit(CodeAnalyzer.java:1747)
	at org.wso2.ballerinalang.compiler.tree.expressions.BLangListConstructorExpr.accept(BLangListConstructorExpr.java:51)
	at org.wso2.ballerinalang.compiler.semantics.analyzer.CodeAnalyzer.analyzeExpr(CodeAnalyzer.java:2325)
	at org.wso2.ballerinalang.compiler.semantics.analyzer.CodeAnalyzer.visit(CodeAnalyzer.java:1382)
	at org.wso2.ballerinalang.compiler.tree.statements.BLangAssignment.accept(BLangAssignment.java:81)
	at org.wso2.ballerinalang.compiler.semantics.analyzer.CodeAnalyzer.analyzeNode(CodeAnalyzer.java:295)
	at org.wso2.ballerinalang.compiler.semantics.analyzer.CodeAnalyzer.lambda$visit$4(CodeAnalyzer.java:505)
	at java.util.ArrayList.forEach(ArrayList.java:1257)
	at org.wso2.ballerinalang.compiler.semantics.analyzer.CodeAnalyzer.visit(CodeAnalyzer.java:505)
	at org.wso2.ballerinalang.compiler.tree.statements.BLangBlockStmt.accept(BLangBlockStmt.java:56)
	at org.wso2.ballerinalang.compiler.semantics.analyzer.CodeAnalyzer.analyzeNode(CodeAnalyzer.java:295)
	at org.wso2.ballerinalang.compiler.semantics.analyzer.CodeAnalyzer.visitFunction(CodeAnalyzer.java:382)
	at org.wso2.ballerinalang.compiler.semantics.analyzer.CodeAnalyzer.visit(CodeAnalyzer.java:361)
	at org.wso2.ballerinalang.compiler.tree.BLangFunction.accept(BLangFunction.java:73)
	at org.wso2.ballerinalang.compiler.semantics.analyzer.CodeAnalyzer.analyzeNode(CodeAnalyzer.java:295)
	at org.wso2.ballerinalang.compiler.semantics.analyzer.CodeAnalyzer.lambda$visit$30(CodeAnalyzer.java:2143)
	at java.util.stream.ForEachOps$ForEachOp$OfRef.accept(ForEachOps.java:184)
	at java.util.stream.SortedOps$SizedRefSortingSink.end(SortedOps.java:352)
	at java.util.stream.AbstractPipeline.copyInto(AbstractPipeline.java:482)
	at java.util.stream.AbstractPipeline.wrapAndCopyInto(AbstractPipeline.java:471)
	at java.util.stream.ForEachOps$ForEachOp.evaluateSequential(ForEachOps.java:151)
	at java.util.stream.ForEachOps$ForEachOp$OfRef.evaluateSequential(ForEachOps.java:174)
	at java.util.stream.AbstractPipeline.evaluate(AbstractPipeline.java:234)
	at java.util.stream.ReferencePipeline.forEachOrdered(ReferencePipeline.java:423)
	at org.wso2.ballerinalang.compiler.semantics.analyzer.CodeAnalyzer.visit(CodeAnalyzer.java:2143)
	at org.wso2.ballerinalang.compiler.tree.types.BLangObjectTypeNode.accept(BLangObjectTypeNode.java:70)
	at org.wso2.ballerinalang.compiler.semantics.analyzer.CodeAnalyzer.analyzeNode(CodeAnalyzer.java:295)
	at org.wso2.ballerinalang.compiler.semantics.analyzer.CodeAnalyzer.analyzeTypeNode(CodeAnalyzer.java:305)
	at org.wso2.ballerinalang.compiler.semantics.analyzer.CodeAnalyzer.visit(CodeAnalyzer.java:315)
	at org.wso2.ballerinalang.compiler.tree.BLangTypeDefinition.accept(BLangTypeDefinition.java:109)
	at org.wso2.ballerinalang.compiler.semantics.analyzer.CodeAnalyzer.analyzeNode(CodeAnalyzer.java:295)
	at org.wso2.ballerinalang.compiler.semantics.analyzer.CodeAnalyzer.lambda$analyzeTopLevelNodes$1(CodeAnalyzer.java:284)
	at java.util.ArrayList.forEach(ArrayList.java:1257)
	at org.wso2.ballerinalang.compiler.semantics.analyzer.CodeAnalyzer.analyzeTopLevelNodes(CodeAnalyzer.java:284)
	at org.wso2.ballerinalang.compiler.semantics.analyzer.CodeAnalyzer.visit(CodeAnalyzer.java:279)
	at org.wso2.ballerinalang.compiler.tree.BLangPackage.accept(BLangPackage.java:161)
	at org.wso2.ballerinalang.compiler.semantics.analyzer.CodeAnalyzer.analyze(CodeAnalyzer.java:268)
	at org.wso2.ballerinalang.compiler.CompilerDriver.codeAnalyze(CompilerDriver.java:271)
	at org.wso2.ballerinalang.compiler.CompilerDriver.compile(CompilerDriver.java:225)
	at org.wso2.ballerinalang.compiler.CompilerDriver.compilePackageSymbol(CompilerDriver.java:212)
	at org.wso2.ballerinalang.compiler.CompilerDriver.compilePackage(CompilerDriver.java:127)
	at java.util.stream.ForEachOps$ForEachOp$OfRef.accept(ForEachOps.java:184)
	at java.util.stream.ReferencePipeline$2$1.accept(ReferencePipeline.java:175)
	at java.util.ArrayList$ArrayListSpliterator.forEachRemaining(ArrayList.java:1382)
	at java.util.stream.AbstractPipeline.copyInto(AbstractPipeline.java:481)
	at java.util.stream.AbstractPipeline.wrapAndCopyInto(AbstractPipeline.java:471)
	at java.util.stream.ForEachOps$ForEachOp.evaluateSequential(ForEachOps.java:151)
	at java.util.stream.ForEachOps$ForEachOp$OfRef.evaluateSequential(ForEachOps.java:174)
	at java.util.stream.AbstractPipeline.evaluate(AbstractPipeline.java:234)
	at java.util.stream.ReferencePipeline.forEach(ReferencePipeline.java:418)
	at org.wso2.ballerinalang.compiler.Compiler.compilePackages(Compiler.java:173)
	at org.wso2.ballerinalang.compiler.Compiler.compilePackages(Compiler.java:146)
	at org.ballerinalang.packerina.task.CompileTask.execute(CompileTask.java:62)
	at org.ballerinalang.packerina.TaskExecutor.executeTasks(TaskExecutor.java:38)
	at org.ballerinalang.packerina.cmd.BuildCommand.execute(BuildCommand.java:389)
	at java.util.Optional.ifPresent(Optional.java:159)
	at org.ballerinalang.tool.Main.main(Main.java:59)
 
[2019-09-09 01:48:22,890] SEVERE {b7a.log.crash} - null 
java.lang.NullPointerException
	at org.wso2.ballerinalang.compiler.semantics.analyzer.CodeAnalyzer.validateBinaryExpr(CodeAnalyzer.java:1989)
	at org.wso2.ballerinalang.compiler.semantics.analyzer.CodeAnalyzer.visit(CodeAnalyzer.java:1977)
	at org.wso2.ballerinalang.compiler.tree.expressions.BLangBinaryExpr.accept(BLangBinaryExpr.java:60)
	at org.wso2.ballerinalang.compiler.semantics.analyzer.CodeAnalyzer.analyzeExpr(CodeAnalyzer.java:2325)
	at org.wso2.ballerinalang.compiler.semantics.analyzer.CodeAnalyzer.analyzeExprs(CodeAnalyzer.java:2369)
	at org.wso2.ballerinalang.compiler.semantics.analyzer.CodeAnalyzer.visit(CodeAnalyzer.java:1747)
	at org.wso2.ballerinalang.compiler.tree.expressions.BLangListConstructorExpr.accept(BLangListConstructorExpr.java:51)
	at org.wso2.ballerinalang.compiler.semantics.analyzer.CodeAnalyzer.analyzeExpr(CodeAnalyzer.java:2325)
	at org.wso2.ballerinalang.compiler.semantics.analyzer.CodeAnalyzer.visit(CodeAnalyzer.java:1382)
	at org.wso2.ballerinalang.compiler.tree.statements.BLangAssignment.accept(BLangAssignment.java:81)
	at org.wso2.ballerinalang.compiler.semantics.analyzer.CodeAnalyzer.analyzeNode(CodeAnalyzer.java:295)
	at org.wso2.ballerinalang.compiler.semantics.analyzer.CodeAnalyzer.lambda$visit$4(CodeAnalyzer.java:505)
	at java.util.ArrayList.forEach(ArrayList.java:1257)
	at org.wso2.ballerinalang.compiler.semantics.analyzer.CodeAnalyzer.visit(CodeAnalyzer.java:505)
	at org.wso2.ballerinalang.compiler.tree.statements.BLangBlockStmt.accept(BLangBlockStmt.java:56)
	at org.wso2.ballerinalang.compiler.semantics.analyzer.CodeAnalyzer.analyzeNode(CodeAnalyzer.java:295)
	at org.wso2.ballerinalang.compiler.semantics.analyzer.CodeAnalyzer.visitFunction(CodeAnalyzer.java:382)
	at org.wso2.ballerinalang.compiler.semantics.analyzer.CodeAnalyzer.visit(CodeAnalyzer.java:361)
	at org.wso2.ballerinalang.compiler.tree.BLangFunction.accept(BLangFunction.java:73)
	at org.wso2.ballerinalang.compiler.semantics.analyzer.CodeAnalyzer.analyzeNode(CodeAnalyzer.java:295)
	at org.wso2.ballerinalang.compiler.semantics.analyzer.CodeAnalyzer.lambda$visit$30(CodeAnalyzer.java:2143)
	at java.util.stream.ForEachOps$ForEachOp$OfRef.accept(ForEachOps.java:184)
	at java.util.stream.SortedOps$SizedRefSortingSink.end(SortedOps.java:352)
	at java.util.stream.AbstractPipeline.copyInto(AbstractPipeline.java:482)
	at java.util.stream.AbstractPipeline.wrapAndCopyInto(AbstractPipeline.java:471)
	at java.util.stream.ForEachOps$ForEachOp.evaluateSequential(ForEachOps.java:151)
	at java.util.stream.ForEachOps$ForEachOp$OfRef.evaluateSequential(ForEachOps.java:174)
	at java.util.stream.AbstractPipeline.evaluate(AbstractPipeline.java:234)
	at java.util.stream.ReferencePipeline.forEachOrdered(ReferencePipeline.java:423)
	at org.wso2.ballerinalang.compiler.semantics.analyzer.CodeAnalyzer.visit(CodeAnalyzer.java:2143)
	at org.wso2.ballerinalang.compiler.tree.types.BLangObjectTypeNode.accept(BLangObjectTypeNode.java:70)
	at org.wso2.ballerinalang.compiler.semantics.analyzer.CodeAnalyzer.analyzeNode(CodeAnalyzer.java:295)
	at org.wso2.ballerinalang.compiler.semantics.analyzer.CodeAnalyzer.analyzeTypeNode(CodeAnalyzer.java:305)
	at org.wso2.ballerinalang.compiler.semantics.analyzer.CodeAnalyzer.visit(CodeAnalyzer.java:315)
	at org.wso2.ballerinalang.compiler.tree.BLangTypeDefinition.accept(BLangTypeDefinition.java:109)
	at org.wso2.ballerinalang.compiler.semantics.analyzer.CodeAnalyzer.analyzeNode(CodeAnalyzer.java:295)
	at org.wso2.ballerinalang.compiler.semantics.analyzer.CodeAnalyzer.lambda$analyzeTopLevelNodes$1(CodeAnalyzer.java:284)
	at java.util.ArrayList.forEach(ArrayList.java:1257)
	at org.wso2.ballerinalang.compiler.semantics.analyzer.CodeAnalyzer.analyzeTopLevelNodes(CodeAnalyzer.java:284)
	at org.wso2.ballerinalang.compiler.semantics.analyzer.CodeAnalyzer.visit(CodeAnalyzer.java:279)
	at org.wso2.ballerinalang.compiler.tree.BLangPackage.accept(BLangPackage.java:161)
	at org.wso2.ballerinalang.compiler.semantics.analyzer.CodeAnalyzer.analyze(CodeAnalyzer.java:268)
	at org.wso2.ballerinalang.compiler.CompilerDriver.codeAnalyze(CompilerDriver.java:271)
	at org.wso2.ballerinalang.compiler.CompilerDriver.compile(CompilerDriver.java:225)
	at org.wso2.ballerinalang.compiler.CompilerDriver.compilePackageSymbol(CompilerDriver.java:212)
	at org.wso2.ballerinalang.compiler.CompilerDriver.compilePackage(CompilerDriver.java:127)
	at java.util.stream.ForEachOps$ForEachOp$OfRef.accept(ForEachOps.java:184)
	at java.util.stream.ReferencePipeline$2$1.accept(ReferencePipeline.java:175)
	at java.util.ArrayList$ArrayListSpliterator.forEachRemaining(ArrayList.java:1382)
	at java.util.stream.AbstractPipeline.copyInto(AbstractPipeline.java:481)
	at java.util.stream.AbstractPipeline.wrapAndCopyInto(AbstractPipeline.java:471)
	at java.util.stream.ForEachOps$ForEachOp.evaluateSequential(ForEachOps.java:151)
	at java.util.stream.ForEachOps$ForEachOp$OfRef.evaluateSequential(ForEachOps.java:174)
	at java.util.stream.AbstractPipeline.evaluate(AbstractPipeline.java:234)
	at java.util.stream.ReferencePipeline.forEach(ReferencePipeline.java:418)
	at org.wso2.ballerinalang.compiler.Compiler.compilePackages(Compiler.java:173)
	at org.wso2.ballerinalang.compiler.Compiler.compilePackages(Compiler.java:146)
	at org.ballerinalang.packerina.task.CompileTask.execute(CompileTask.java:62)
	at org.ballerinalang.packerina.TaskExecutor.executeTasks(TaskExecutor.java:38)
	at org.ballerinalang.packerina.cmd.BuildCommand.execute(BuildCommand.java:389)
	at java.util.Optional.ifPresent(Optional.java:159)
	at org.ballerinalang.tool.Main.main(Main.java:59)
 
[2019-09-09 01:50:02,440] SEVERE {b7a.log.crash} - null 
java.lang.NullPointerException
	at org.wso2.ballerinalang.compiler.semantics.analyzer.CodeAnalyzer.validateBinaryExpr(CodeAnalyzer.java:1989)
	at org.wso2.ballerinalang.compiler.semantics.analyzer.CodeAnalyzer.visit(CodeAnalyzer.java:1977)
	at org.wso2.ballerinalang.compiler.tree.expressions.BLangBinaryExpr.accept(BLangBinaryExpr.java:60)
	at org.wso2.ballerinalang.compiler.semantics.analyzer.CodeAnalyzer.analyzeExpr(CodeAnalyzer.java:2325)
	at org.wso2.ballerinalang.compiler.semantics.analyzer.CodeAnalyzer.analyzeExprs(CodeAnalyzer.java:2369)
	at org.wso2.ballerinalang.compiler.semantics.analyzer.CodeAnalyzer.visit(CodeAnalyzer.java:1747)
	at org.wso2.ballerinalang.compiler.tree.expressions.BLangListConstructorExpr.accept(BLangListConstructorExpr.java:51)
	at org.wso2.ballerinalang.compiler.semantics.analyzer.CodeAnalyzer.analyzeExpr(CodeAnalyzer.java:2325)
	at org.wso2.ballerinalang.compiler.semantics.analyzer.CodeAnalyzer.visit(CodeAnalyzer.java:1382)
	at org.wso2.ballerinalang.compiler.tree.statements.BLangAssignment.accept(BLangAssignment.java:81)
	at org.wso2.ballerinalang.compiler.semantics.analyzer.CodeAnalyzer.analyzeNode(CodeAnalyzer.java:295)
	at org.wso2.ballerinalang.compiler.semantics.analyzer.CodeAnalyzer.lambda$visit$4(CodeAnalyzer.java:505)
	at java.util.ArrayList.forEach(ArrayList.java:1257)
	at org.wso2.ballerinalang.compiler.semantics.analyzer.CodeAnalyzer.visit(CodeAnalyzer.java:505)
	at org.wso2.ballerinalang.compiler.tree.statements.BLangBlockStmt.accept(BLangBlockStmt.java:56)
	at org.wso2.ballerinalang.compiler.semantics.analyzer.CodeAnalyzer.analyzeNode(CodeAnalyzer.java:295)
	at org.wso2.ballerinalang.compiler.semantics.analyzer.CodeAnalyzer.visitFunction(CodeAnalyzer.java:382)
	at org.wso2.ballerinalang.compiler.semantics.analyzer.CodeAnalyzer.visit(CodeAnalyzer.java:361)
	at org.wso2.ballerinalang.compiler.tree.BLangFunction.accept(BLangFunction.java:73)
	at org.wso2.ballerinalang.compiler.semantics.analyzer.CodeAnalyzer.analyzeNode(CodeAnalyzer.java:295)
	at org.wso2.ballerinalang.compiler.semantics.analyzer.CodeAnalyzer.lambda$visit$30(CodeAnalyzer.java:2143)
	at java.util.stream.ForEachOps$ForEachOp$OfRef.accept(ForEachOps.java:184)
	at java.util.stream.SortedOps$SizedRefSortingSink.end(SortedOps.java:352)
	at java.util.stream.AbstractPipeline.copyInto(AbstractPipeline.java:482)
	at java.util.stream.AbstractPipeline.wrapAndCopyInto(AbstractPipeline.java:471)
	at java.util.stream.ForEachOps$ForEachOp.evaluateSequential(ForEachOps.java:151)
	at java.util.stream.ForEachOps$ForEachOp$OfRef.evaluateSequential(ForEachOps.java:174)
	at java.util.stream.AbstractPipeline.evaluate(AbstractPipeline.java:234)
	at java.util.stream.ReferencePipeline.forEachOrdered(ReferencePipeline.java:423)
	at org.wso2.ballerinalang.compiler.semantics.analyzer.CodeAnalyzer.visit(CodeAnalyzer.java:2143)
	at org.wso2.ballerinalang.compiler.tree.types.BLangObjectTypeNode.accept(BLangObjectTypeNode.java:70)
	at org.wso2.ballerinalang.compiler.semantics.analyzer.CodeAnalyzer.analyzeNode(CodeAnalyzer.java:295)
	at org.wso2.ballerinalang.compiler.semantics.analyzer.CodeAnalyzer.analyzeTypeNode(CodeAnalyzer.java:305)
	at org.wso2.ballerinalang.compiler.semantics.analyzer.CodeAnalyzer.visit(CodeAnalyzer.java:315)
	at org.wso2.ballerinalang.compiler.tree.BLangTypeDefinition.accept(BLangTypeDefinition.java:109)
	at org.wso2.ballerinalang.compiler.semantics.analyzer.CodeAnalyzer.analyzeNode(CodeAnalyzer.java:295)
	at org.wso2.ballerinalang.compiler.semantics.analyzer.CodeAnalyzer.lambda$analyzeTopLevelNodes$1(CodeAnalyzer.java:284)
	at java.util.ArrayList.forEach(ArrayList.java:1257)
	at org.wso2.ballerinalang.compiler.semantics.analyzer.CodeAnalyzer.analyzeTopLevelNodes(CodeAnalyzer.java:284)
	at org.wso2.ballerinalang.compiler.semantics.analyzer.CodeAnalyzer.visit(CodeAnalyzer.java:279)
	at org.wso2.ballerinalang.compiler.tree.BLangPackage.accept(BLangPackage.java:161)
	at org.wso2.ballerinalang.compiler.semantics.analyzer.CodeAnalyzer.analyze(CodeAnalyzer.java:268)
	at org.wso2.ballerinalang.compiler.CompilerDriver.codeAnalyze(CompilerDriver.java:271)
	at org.wso2.ballerinalang.compiler.CompilerDriver.compile(CompilerDriver.java:225)
	at org.wso2.ballerinalang.compiler.CompilerDriver.compilePackageSymbol(CompilerDriver.java:212)
	at org.wso2.ballerinalang.compiler.CompilerDriver.compilePackage(CompilerDriver.java:127)
	at java.util.stream.ForEachOps$ForEachOp$OfRef.accept(ForEachOps.java:184)
	at java.util.stream.ReferencePipeline$2$1.accept(ReferencePipeline.java:175)
	at java.util.ArrayList$ArrayListSpliterator.forEachRemaining(ArrayList.java:1382)
	at java.util.stream.AbstractPipeline.copyInto(AbstractPipeline.java:481)
	at java.util.stream.AbstractPipeline.wrapAndCopyInto(AbstractPipeline.java:471)
	at java.util.stream.ForEachOps$ForEachOp.evaluateSequential(ForEachOps.java:151)
	at java.util.stream.ForEachOps$ForEachOp$OfRef.evaluateSequential(ForEachOps.java:174)
	at java.util.stream.AbstractPipeline.evaluate(AbstractPipeline.java:234)
	at java.util.stream.ReferencePipeline.forEach(ReferencePipeline.java:418)
	at org.wso2.ballerinalang.compiler.Compiler.compilePackages(Compiler.java:173)
	at org.wso2.ballerinalang.compiler.Compiler.compilePackages(Compiler.java:146)
	at org.ballerinalang.packerina.task.CompileTask.execute(CompileTask.java:62)
	at org.ballerinalang.packerina.TaskExecutor.executeTasks(TaskExecutor.java:38)
	at org.ballerinalang.packerina.cmd.BuildCommand.execute(BuildCommand.java:389)
	at java.util.Optional.ifPresent(Optional.java:159)
	at org.ballerinalang.tool.Main.main(Main.java:59)
 
[2019-09-09 01:50:27,238] SEVERE {b7a.log.crash} - null 
java.lang.NullPointerException
	at org.wso2.ballerinalang.compiler.semantics.analyzer.CodeAnalyzer.validateBinaryExpr(CodeAnalyzer.java:1989)
	at org.wso2.ballerinalang.compiler.semantics.analyzer.CodeAnalyzer.visit(CodeAnalyzer.java:1977)
	at org.wso2.ballerinalang.compiler.tree.expressions.BLangBinaryExpr.accept(BLangBinaryExpr.java:60)
	at org.wso2.ballerinalang.compiler.semantics.analyzer.CodeAnalyzer.analyzeExpr(CodeAnalyzer.java:2325)
	at org.wso2.ballerinalang.compiler.semantics.analyzer.CodeAnalyzer.analyzeExprs(CodeAnalyzer.java:2369)
	at org.wso2.ballerinalang.compiler.semantics.analyzer.CodeAnalyzer.visit(CodeAnalyzer.java:1747)
	at org.wso2.ballerinalang.compiler.tree.expressions.BLangListConstructorExpr.accept(BLangListConstructorExpr.java:51)
	at org.wso2.ballerinalang.compiler.semantics.analyzer.CodeAnalyzer.analyzeExpr(CodeAnalyzer.java:2325)
	at org.wso2.ballerinalang.compiler.semantics.analyzer.CodeAnalyzer.visit(CodeAnalyzer.java:1382)
	at org.wso2.ballerinalang.compiler.tree.statements.BLangAssignment.accept(BLangAssignment.java:81)
	at org.wso2.ballerinalang.compiler.semantics.analyzer.CodeAnalyzer.analyzeNode(CodeAnalyzer.java:295)
	at org.wso2.ballerinalang.compiler.semantics.analyzer.CodeAnalyzer.lambda$visit$4(CodeAnalyzer.java:505)
	at java.util.ArrayList.forEach(ArrayList.java:1257)
	at org.wso2.ballerinalang.compiler.semantics.analyzer.CodeAnalyzer.visit(CodeAnalyzer.java:505)
	at org.wso2.ballerinalang.compiler.tree.statements.BLangBlockStmt.accept(BLangBlockStmt.java:56)
	at org.wso2.ballerinalang.compiler.semantics.analyzer.CodeAnalyzer.analyzeNode(CodeAnalyzer.java:295)
	at org.wso2.ballerinalang.compiler.semantics.analyzer.CodeAnalyzer.visitFunction(CodeAnalyzer.java:382)
	at org.wso2.ballerinalang.compiler.semantics.analyzer.CodeAnalyzer.visit(CodeAnalyzer.java:361)
	at org.wso2.ballerinalang.compiler.tree.BLangFunction.accept(BLangFunction.java:73)
	at org.wso2.ballerinalang.compiler.semantics.analyzer.CodeAnalyzer.analyzeNode(CodeAnalyzer.java:295)
	at org.wso2.ballerinalang.compiler.semantics.analyzer.CodeAnalyzer.lambda$visit$30(CodeAnalyzer.java:2143)
	at java.util.stream.ForEachOps$ForEachOp$OfRef.accept(ForEachOps.java:184)
	at java.util.stream.SortedOps$SizedRefSortingSink.end(SortedOps.java:352)
	at java.util.stream.AbstractPipeline.copyInto(AbstractPipeline.java:482)
	at java.util.stream.AbstractPipeline.wrapAndCopyInto(AbstractPipeline.java:471)
	at java.util.stream.ForEachOps$ForEachOp.evaluateSequential(ForEachOps.java:151)
	at java.util.stream.ForEachOps$ForEachOp$OfRef.evaluateSequential(ForEachOps.java:174)
	at java.util.stream.AbstractPipeline.evaluate(AbstractPipeline.java:234)
	at java.util.stream.ReferencePipeline.forEachOrdered(ReferencePipeline.java:423)
	at org.wso2.ballerinalang.compiler.semantics.analyzer.CodeAnalyzer.visit(CodeAnalyzer.java:2143)
	at org.wso2.ballerinalang.compiler.tree.types.BLangObjectTypeNode.accept(BLangObjectTypeNode.java:70)
	at org.wso2.ballerinalang.compiler.semantics.analyzer.CodeAnalyzer.analyzeNode(CodeAnalyzer.java:295)
	at org.wso2.ballerinalang.compiler.semantics.analyzer.CodeAnalyzer.analyzeTypeNode(CodeAnalyzer.java:305)
	at org.wso2.ballerinalang.compiler.semantics.analyzer.CodeAnalyzer.visit(CodeAnalyzer.java:315)
	at org.wso2.ballerinalang.compiler.tree.BLangTypeDefinition.accept(BLangTypeDefinition.java:109)
	at org.wso2.ballerinalang.compiler.semantics.analyzer.CodeAnalyzer.analyzeNode(CodeAnalyzer.java:295)
	at org.wso2.ballerinalang.compiler.semantics.analyzer.CodeAnalyzer.lambda$analyzeTopLevelNodes$1(CodeAnalyzer.java:284)
	at java.util.ArrayList.forEach(ArrayList.java:1257)
	at org.wso2.ballerinalang.compiler.semantics.analyzer.CodeAnalyzer.analyzeTopLevelNodes(CodeAnalyzer.java:284)
	at org.wso2.ballerinalang.compiler.semantics.analyzer.CodeAnalyzer.visit(CodeAnalyzer.java:279)
	at org.wso2.ballerinalang.compiler.tree.BLangPackage.accept(BLangPackage.java:161)
	at org.wso2.ballerinalang.compiler.semantics.analyzer.CodeAnalyzer.analyze(CodeAnalyzer.java:268)
	at org.wso2.ballerinalang.compiler.CompilerDriver.codeAnalyze(CompilerDriver.java:271)
	at org.wso2.ballerinalang.compiler.CompilerDriver.compile(CompilerDriver.java:225)
	at org.wso2.ballerinalang.compiler.CompilerDriver.compilePackageSymbol(CompilerDriver.java:212)
	at org.wso2.ballerinalang.compiler.CompilerDriver.compilePackage(CompilerDriver.java:127)
	at java.util.stream.ForEachOps$ForEachOp$OfRef.accept(ForEachOps.java:184)
	at java.util.stream.ReferencePipeline$2$1.accept(ReferencePipeline.java:175)
	at java.util.ArrayList$ArrayListSpliterator.forEachRemaining(ArrayList.java:1382)
	at java.util.stream.AbstractPipeline.copyInto(AbstractPipeline.java:481)
	at java.util.stream.AbstractPipeline.wrapAndCopyInto(AbstractPipeline.java:471)
	at java.util.stream.ForEachOps$ForEachOp.evaluateSequential(ForEachOps.java:151)
	at java.util.stream.ForEachOps$ForEachOp$OfRef.evaluateSequential(ForEachOps.java:174)
	at java.util.stream.AbstractPipeline.evaluate(AbstractPipeline.java:234)
	at java.util.stream.ReferencePipeline.forEach(ReferencePipeline.java:418)
	at org.wso2.ballerinalang.compiler.Compiler.compilePackages(Compiler.java:173)
	at org.wso2.ballerinalang.compiler.Compiler.compilePackages(Compiler.java:146)
	at org.ballerinalang.packerina.task.CompileTask.execute(CompileTask.java:62)
	at org.ballerinalang.packerina.TaskExecutor.executeTasks(TaskExecutor.java:38)
	at org.ballerinalang.packerina.cmd.BuildCommand.execute(BuildCommand.java:389)
	at java.util.Optional.ifPresent(Optional.java:159)
	at org.ballerinalang.tool.Main.main(Main.java:59)
 
[2019-09-09 02:14:40,533] SEVERE {b7a.log.crash} - java.lang.IllegalStateException: Expected BEGIN_ARRAY but was STRING at path $.project.license 
com.google.gson.JsonSyntaxException: java.lang.IllegalStateException: Expected BEGIN_ARRAY but was STRING at path $.project.license
	at com.google.gson.internal.bind.ReflectiveTypeAdapterFactory$Adapter.read(ReflectiveTypeAdapterFactory.java:224)
	at com.google.gson.internal.bind.ReflectiveTypeAdapterFactory$1.read(ReflectiveTypeAdapterFactory.java:129)
	at com.google.gson.internal.bind.ReflectiveTypeAdapterFactory$Adapter.read(ReflectiveTypeAdapterFactory.java:220)
	at com.google.gson.Gson.fromJson(Gson.java:887)
	at com.google.gson.Gson.fromJson(Gson.java:952)
	at com.google.gson.Gson.fromJson(Gson.java:925)
	at com.moandjiezana.toml.Toml.to(Toml.java:323)
	at org.ballerinalang.toml.parser.ManifestProcessor.parseTomlContentAsStream(ManifestProcessor.java:152)
	at org.ballerinalang.toml.parser.ManifestProcessor.parseTomlContentFromFile(ManifestProcessor.java:92)
	at org.wso2.ballerinalang.compiler.SourceDirectoryManager.initializeAndGetSourceDirectory(SourceDirectoryManager.java:183)
	at org.wso2.ballerinalang.compiler.SourceDirectoryManager.<init>(SourceDirectoryManager.java:68)
	at org.wso2.ballerinalang.compiler.SourceDirectoryManager.getInstance(SourceDirectoryManager.java:58)
	at org.wso2.ballerinalang.compiler.Compiler.<init>(Compiler.java:57)
	at org.wso2.ballerinalang.compiler.Compiler.getInstance(Compiler.java:71)
	at org.ballerinalang.packerina.task.CompileTask.execute(CompileTask.java:45)
	at org.ballerinalang.packerina.TaskExecutor.executeTasks(TaskExecutor.java:38)
	at org.ballerinalang.packerina.cmd.BuildCommand.execute(BuildCommand.java:389)
	at java.util.Optional.ifPresent(Optional.java:159)
	at org.ballerinalang.tool.Main.main(Main.java:59)
Caused by: java.lang.IllegalStateException: Expected BEGIN_ARRAY but was STRING at path $.project.license
	at com.google.gson.internal.bind.JsonTreeReader.expect(JsonTreeReader.java:162)
	at com.google.gson.internal.bind.JsonTreeReader.beginArray(JsonTreeReader.java:71)
	at com.google.gson.internal.bind.CollectionTypeAdapterFactory$Adapter.read(CollectionTypeAdapterFactory.java:80)
	at com.google.gson.internal.bind.CollectionTypeAdapterFactory$Adapter.read(CollectionTypeAdapterFactory.java:61)
	at com.google.gson.internal.bind.ReflectiveTypeAdapterFactory$1.read(ReflectiveTypeAdapterFactory.java:129)
	at com.google.gson.internal.bind.ReflectiveTypeAdapterFactory$Adapter.read(ReflectiveTypeAdapterFactory.java:220)
	... 18 more
 
